-------------------------------------------------------------------------------
Test set: com.example.accountalias.web.AccountAliasControllerTest
-------------------------------------------------------------------------------
Tests run: 1, Failures: 1, Errors: 0, Skipped: 0, Time elapsed: 176.0 s <<< FAILURE! -- in com.example.accountalias.web.AccountAliasControllerTest
com.example.accountalias.web.AccountAliasControllerTest.alias_crud_positive_and_negative -- Time elapsed: 36.77 s <<< FAILURE!
org.opentest4j.AssertionFailedError: 

expected: 200 OK
 but was: 500 INTERNAL_SERVER_ERROR
	at java.base/jdk.internal.reflect.DirectConstructorHandleAccessor.newInstance(DirectConstructorHandleAccessor.java:62)
	at java.base/java.lang.reflect.Constructor.newInstanceWithCaller(Constructor.java:499)
	at com.example.accountalias.web.AccountAliasControllerTest.alias_crud_positive_and_negative(AccountAliasControllerTest.java:47)
	at java.base/java.lang.reflect.Method.invoke(Method.java:565)
	at java.base/java.util.ArrayList.forEach(ArrayList.java:1604)
	at java.base/java.util.ArrayList.forEach(ArrayList.java:1604)

