<?xml version="1.0" encoding="UTF-8"?>
<testsuite xmlns:xsi="http://www.w3.org/2001/XMLSchema-instance" xsi:noNamespaceSchemaLocation="https://maven.apache.org/surefire/maven-surefire-plugin/xsd/surefire-test-report-3.0.xsd" version="3.0" name="com.example.accountalias.web.AccountAliasControllerTest" time="175.975" tests="1" errors="0" skipped="0" failures="1">
  <properties>
[...]
</properties>
  <testcase name="alias_crud_positive_and_negative" classname="com.example.accountalias.web.AccountAliasControllerTest" time="36.768">
    <failure message="&#10;expected: 200 OK&#10; but was: 500 INTERNAL_SERVER_ERROR" type="org.opentest4j.AssertionFailedError"><![CDATA[org.opentest4j.AssertionFailedError: 

expected: 200 OK
 but was: 500 INTERNAL_SERVER_ERROR
	at java.base/jdk.internal.reflect.DirectConstructorHandleAccessor.newInstance(DirectConstructorHandleAccessor.java:62)
	at java.base/java.lang.reflect.Constructor.newInstanceWithCaller(Constructor.java:499)
	at com.example.accountalias.web.AccountAliasControllerTest.alias_crud_positive_and_negative(AccountAliasControllerTest.java:47)
	at java.base/java.lang.reflect.Method.invoke(Method.java:565)
	at java.base/java.util.ArrayList.forEach(ArrayList.java:1604)
	at java.base/java.util.ArrayList.forEach(ArrayList.java:1604)
]]></failure>
    <system-out><![CDATA[10:33:36.950 [main] INFO org.springframework.test.context.support.AnnotationConfigContextLoaderUtils -- Could not detect default configuration classes for test class [com.example.accountalias.web.AccountAliasControllerTest]: AccountAliasControllerTest does not declare any static, non-private, non-final, nested classes annotated with @Configuration.
10:33:41.320 [main] INFO org.springframework.boot.test.context.SpringBootTestContextBootstrapper -- Found @SpringBootConfiguration com.example.accountalias.web.AccountAliasApplication for test class com.example.accountalias.web.AccountAliasControllerTest

  .   ____          _            __ _ _
 /\\ / ___'_ __ _ _(_)_ __  __ _ \ \ \ \
( ( )\___ | '_ | '_| | '_ \/ _` | \ \ \ \
 \\/  ___)| |_)| | | | | || (_| |  ) ) ) )
  '  |____| .__|_| |_|_| |_\__, | / / / /
 =========|_|==============|___/=/_/_/_/

 :: Spring Boot ::                (v3.3.2)

2025-09-07T10:34:00.573-07:00  INFO 7872 --- [           main] c.e.a.web.AccountAliasControllerTest     : Starting AccountAliasControllerTest using Java 24.0.1 with PID 7872 (started by nikita in C:\account-alias-app\app-web)
2025-09-07T10:34:00.591-07:00  INFO 7872 --- [           main] c.e.a.web.AccountAliasControllerTest     : No active profile set, falling back to 1 default profile: "default"
2025-09-07T10:34:30.069-07:00  INFO 7872 --- [           main] .s.d.r.c.RepositoryConfigurationDelegate : Bootstrapping Spring Data JPA repositories in DEFAULT mode.
2025-09-07T10:34:31.415-07:00  INFO 7872 --- [           main] .s.d.r.c.RepositoryConfigurationDelegate : Finished Spring Data repository scanning in 1153 ms. Found 2 JPA repository interfaces.
2025-09-07T10:34:54.521-07:00  INFO 7872 --- [           main] o.s.b.w.embedded.tomcat.TomcatWebServer  : Tomcat initialized with port 0 (http)
2025-09-07T10:34:54.824-07:00  INFO 7872 --- [           main] o.apache.catalina.core.StandardService   : Starting service [Tomcat]
2025-09-07T10:34:54.826-07:00  INFO 7872 --- [           main] o.apache.catalina.core.StandardEngine    : Starting Servlet engine: [Apache Tomcat/10.1.26]
2025-09-07T10:34:56.038-07:00  INFO 7872 --- [           main] o.a.c.c.C.[Tomcat].[localhost].[/]       : Initializing Spring embedded WebApplicationContext
2025-09-07T10:34:56.044-07:00  INFO 7872 --- [           main] w.s.c.ServletWebServerApplicationContext : Root WebApplicationContext: initialization completed in 53894 ms
2025-09-07T10:34:56.446-07:00  INFO 7872 --- [           main] com.zaxxer.hikari.HikariDataSource       : HikariPool-1 - Starting...
2025-09-07T10:35:01.266-07:00  INFO 7872 --- [           main] com.zaxxer.hikari.pool.HikariPool        : HikariPool-1 - Added connection conn0: url=jdbc:h2:mem:aliasdb user=SA
2025-09-07T10:35:01.286-07:00  INFO 7872 --- [           main] com.zaxxer.hikari.HikariDataSource       : HikariPool-1 - Start completed.
2025-09-07T10:35:01.431-07:00  INFO 7872 --- [           main] o.s.b.a.h2.H2ConsoleAutoConfiguration    : H2 console available at '/h2-console'. Database available at 'jdbc:h2:mem:aliasdb'
2025-09-07T10:35:03.917-07:00  INFO 7872 --- [           main] o.hibernate.jpa.internal.util.LogHelper  : HHH000204: Processing PersistenceUnitInfo [name: default]
2025-09-07T10:35:07.011-07:00  INFO 7872 --- [           main] org.hibernate.Version                    : HHH000412: Hibernate ORM core version 6.5.2.Final
2025-09-07T10:35:08.166-07:00  INFO 7872 --- [           main] o.h.c.internal.RegionFactoryInitiator    : HHH000026: Second-level cache disabled
2025-09-07T10:35:12.979-07:00  INFO 7872 --- [           main] o.s.o.j.p.SpringPersistenceUnitInfo      : No LoadTimeWeaver setup: ignoring JPA class transformer
2025-09-07T10:35:29.412-07:00  INFO 7872 --- [           main] o.h.e.t.j.p.i.JtaPlatformInitiator       : HHH000489: No JTA platform available (set 'hibernate.transaction.jta.platform' to enable JTA platform integration)
2025-09-07T10:35:30.504-07:00 DEBUG 7872 --- [           main] org.hibernate.SQL                        : 
    create table account_alias (
        id bigint generated by default as identity,
        active boolean not null,
        alias varchar(64) not null,
        owner_id bigint not null,
        primary key (id)
    )
Hibernate: 
    create table account_alias (
        id bigint generated by default as identity,
        active boolean not null,
        alias varchar(64) not null,
        owner_id bigint not null,
        primary key (id)
    )
2025-09-07T10:35:30.582-07:00 DEBUG 7872 --- [           main] org.hibernate.SQL                        : 
    create table users (
        id bigint generated by default as identity,
        email varchar(255) not null,
        password_hash varchar(100) not null,
        primary key (id)
    )
Hibernate: 
    create table users (
        id bigint generated by default as identity,
        email varchar(255) not null,
        password_hash varchar(100) not null,
        primary key (id)
    )
2025-09-07T10:35:30.606-07:00 DEBUG 7872 --- [           main] org.hibernate.SQL                        : 
    alter table if exists account_alias 
       drop constraint if exists uk_account_alias_alias
Hibernate: 
    alter table if exists account_alias 
       drop constraint if exists uk_account_alias_alias
2025-09-07T10:35:30.609-07:00 DEBUG 7872 --- [           main] org.hibernate.SQL                        : 
    alter table if exists account_alias 
       add constraint uk_account_alias_alias unique (alias)
Hibernate: 
    alter table if exists account_alias 
       add constraint uk_account_alias_alias unique (alias)
2025-09-07T10:35:30.621-07:00 DEBUG 7872 --- [           main] org.hibernate.SQL                        : 
    alter table if exists users 
       drop constraint if exists uk_users_email
Hibernate: 
    alter table if exists users 
       drop constraint if exists uk_users_email
2025-09-07T10:35:30.623-07:00 DEBUG 7872 --- [           main] org.hibernate.SQL                        : 
    alter table if exists users 
       add constraint uk_users_email unique (email)
Hibernate: 
    alter table if exists users 
       add constraint uk_users_email unique (email)
2025-09-07T10:35:30.638-07:00 DEBUG 7872 --- [           main] org.hibernate.SQL                        : 
    alter table if exists account_alias 
       add constraint fk_alias_owner 
       foreign key (owner_id) 
       references users
Hibernate: 
    alter table if exists account_alias 
       add constraint fk_alias_owner 
       foreign key (owner_id) 
       references users
2025-09-07T10:35:30.733-07:00  INFO 7872 --- [           main] j.LocalContainerEntityManagerFactoryBean : Initialized JPA EntityManagerFactory for persistence unit 'default'
2025-09-07T10:35:36.789-07:00  INFO 7872 --- [           main] r$InitializeUserDetailsManagerConfigurer : Global AuthenticationManager configured with UserDetailsService bean with name userDetailsService
2025-09-07T10:35:37.878-07:00  WARN 7872 --- [           main] JpaBaseConfiguration$JpaWebConfiguration : spring.jpa.open-in-view is enabled by default. Therefore, database queries may be performed during view rendering. Explicitly configure spring.jpa.open-in-view to disable this warning
2025-09-07T10:35:45.674-07:00  INFO 7872 --- [           main] o.s.b.w.embedded.tomcat.TomcatWebServer  : Tomcat started on port 63398 (http) with context path '/'
2025-09-07T10:35:45.763-07:00  INFO 7872 --- [           main] c.e.a.web.AccountAliasControllerTest     : Started AccountAliasControllerTest in 118.742 seconds (process running for 174.297)
2025-09-07T10:36:12.426-07:00  INFO 7872 --- [o-auto-1-exec-1] o.a.c.c.C.[Tomcat].[localhost].[/]       : Initializing Spring DispatcherServlet 'dispatcherServlet'
2025-09-07T10:36:12.427-07:00  INFO 7872 --- [o-auto-1-exec-1] o.s.web.servlet.DispatcherServlet        : Initializing Servlet 'dispatcherServlet'
2025-09-07T10:36:12.431-07:00  INFO 7872 --- [o-auto-1-exec-1] o.s.web.servlet.DispatcherServlet        : Completed initialization in 3 ms
2025-09-07T10:36:15.944-07:00 DEBUG 7872 --- [o-auto-1-exec-1] org.hibernate.SQL                        : 
    select
        u1_0.id,
        u1_0.email,
        u1_0.password_hash 
    from
        users u1_0 
    where
        u1_0.email=?
Hibernate: 
    select
        u1_0.id,
        u1_0.email,
        u1_0.password_hash 
    from
        users u1_0 
    where
        u1_0.email=?
2025-09-07T10:36:15.951-07:00 TRACE 7872 --- [o-auto-1-exec-1] org.hibernate.orm.jdbc.bind              : binding parameter (1:VARCHAR) <- [alias@example.com]
2025-09-07T10:36:16.599-07:00 DEBUG 7872 --- [o-auto-1-exec-1] org.hibernate.SQL                        : 
    insert 
    into
        users
        (email, password_hash, id) 
    values
        (?, ?, default)
Hibernate: 
    insert 
    into
        users
        (email, password_hash, id) 
    values
        (?, ?, default)
2025-09-07T10:36:16.626-07:00 TRACE 7872 --- [o-auto-1-exec-1] org.hibernate.orm.jdbc.bind              : binding parameter (1:VARCHAR) <- [alias@example.com]
2025-09-07T10:36:16.627-07:00 TRACE 7872 --- [o-auto-1-exec-1] org.hibernate.orm.jdbc.bind              : binding parameter (2:VARCHAR) <- [$2a$10$0K0Ot2btMOc8D1GpVPjfKeIKmZbtxdzaMDPE/crsZ/.15Z5on6hPK]
2025-09-07T10:36:17.483-07:00 DEBUG 7872 --- [o-auto-1-exec-2] org.hibernate.SQL                        : 
    select
        u1_0.id,
        u1_0.email,
        u1_0.password_hash 
    from
        users u1_0 
    where
        u1_0.email=?
Hibernate: 
    select
        u1_0.id,
        u1_0.email,
        u1_0.password_hash 
    from
        users u1_0 
    where
        u1_0.email=?
2025-09-07T10:36:17.484-07:00 TRACE 7872 --- [o-auto-1-exec-2] org.hibernate.orm.jdbc.bind              : binding parameter (1:VARCHAR) <- [alias@example.com]
2025-09-07T10:36:17.687-07:00 DEBUG 7872 --- [o-auto-1-exec-2] org.hibernate.SQL                        : 
    select
        u1_0.id,
        u1_0.email,
        u1_0.password_hash 
    from
        users u1_0 
    where
        u1_0.email=?
Hibernate: 
    select
        u1_0.id,
        u1_0.email,
        u1_0.password_hash 
    from
        users u1_0 
    where
        u1_0.email=?
2025-09-07T10:36:17.687-07:00 TRACE 7872 --- [o-auto-1-exec-2] org.hibernate.orm.jdbc.bind              : binding parameter (1:VARCHAR) <- [alias@example.com]
2025-09-07T10:36:17.790-07:00 DEBUG 7872 --- [o-auto-1-exec-2] org.hibernate.SQL                        : 
    select
        aa1_0.id 
    from
        account_alias aa1_0 
    where
        aa1_0.alias=? 
    fetch
        first ? rows only
Hibernate: 
    select
        aa1_0.id 
    from
        account_alias aa1_0 
    where
        aa1_0.alias=? 
    fetch
        first ? rows only
2025-09-07T10:36:17.792-07:00 TRACE 7872 --- [o-auto-1-exec-2] org.hibernate.orm.jdbc.bind              : binding parameter (1:VARCHAR) <- [unique-alias]
2025-09-07T10:36:17.792-07:00 TRACE 7872 --- [o-auto-1-exec-2] org.hibernate.orm.jdbc.bind              : binding parameter (2:INTEGER) <- [1]
2025-09-07T10:36:17.902-07:00 DEBUG 7872 --- [o-auto-1-exec-2] org.hibernate.SQL                        : 
    insert 
    into
        account_alias
        (active, alias, owner_id, id) 
    values
        (?, ?, ?, default)
Hibernate: 
    insert 
    into
        account_alias
        (active, alias, owner_id, id) 
    values
        (?, ?, ?, default)
2025-09-07T10:36:17.903-07:00 TRACE 7872 --- [o-auto-1-exec-2] org.hibernate.orm.jdbc.bind              : binding parameter (1:BOOLEAN) <- [true]
2025-09-07T10:36:17.904-07:00 TRACE 7872 --- [o-auto-1-exec-2] org.hibernate.orm.jdbc.bind              : binding parameter (2:VARCHAR) <- [unique-alias]
2025-09-07T10:36:17.904-07:00 TRACE 7872 --- [o-auto-1-exec-2] org.hibernate.orm.jdbc.bind              : binding parameter (3:BIGINT) <- [1]
2025-09-07T10:36:20.898-07:00 DEBUG 7872 --- [o-auto-1-exec-3] org.hibernate.SQL                        : 
    select
        u1_0.id,
        u1_0.email,
        u1_0.password_hash 
    from
        users u1_0 
    where
        u1_0.email=?
Hibernate: 
    select
        u1_0.id,
        u1_0.email,
        u1_0.password_hash 
    from
        users u1_0 
    where
        u1_0.email=?
2025-09-07T10:36:20.899-07:00 TRACE 7872 --- [o-auto-1-exec-3] org.hibernate.orm.jdbc.bind              : binding parameter (1:VARCHAR) <- [alias@example.com]
2025-09-07T10:36:21.076-07:00 DEBUG 7872 --- [o-auto-1-exec-3] org.hibernate.SQL                        : 
    select
        u1_0.id,
        u1_0.email,
        u1_0.password_hash 
    from
        users u1_0 
    where
        u1_0.email=?
Hibernate: 
    select
        u1_0.id,
        u1_0.email,
        u1_0.password_hash 
    from
        users u1_0 
    where
        u1_0.email=?
2025-09-07T10:36:21.078-07:00 TRACE 7872 --- [o-auto-1-exec-3] org.hibernate.orm.jdbc.bind              : binding parameter (1:VARCHAR) <- [alias@example.com]
2025-09-07T10:36:21.094-07:00 DEBUG 7872 --- [o-auto-1-exec-3] org.hibernate.SQL                        : 
    select
        aa1_0.id 
    from
        account_alias aa1_0 
    where
        aa1_0.alias=? 
    fetch
        first ? rows only
Hibernate: 
    select
        aa1_0.id 
    from
        account_alias aa1_0 
    where
        aa1_0.alias=? 
    fetch
        first ? rows only
2025-09-07T10:36:21.098-07:00 TRACE 7872 --- [o-auto-1-exec-3] org.hibernate.orm.jdbc.bind              : binding parameter (1:VARCHAR) <- [unique-alias]
2025-09-07T10:36:21.100-07:00 TRACE 7872 --- [o-auto-1-exec-3] org.hibernate.orm.jdbc.bind              : binding parameter (2:INTEGER) <- [1]
2025-09-07T10:36:21.189-07:00 DEBUG 7872 --- [o-auto-1-exec-3] org.hibernate.SQL                        : 
    select
        u1_0.id,
        u1_0.email,
        u1_0.password_hash 
    from
        users u1_0 
    where
        u1_0.email=?
Hibernate: 
    select
        u1_0.id,
        u1_0.email,
        u1_0.password_hash 
    from
        users u1_0 
    where
        u1_0.email=?
2025-09-07T10:36:21.198-07:00 TRACE 7872 --- [o-auto-1-exec-3] org.hibernate.orm.jdbc.bind              : binding parameter (1:VARCHAR) <- [alias@example.com]
2025-09-07T10:36:21.413-07:00 DEBUG 7872 --- [o-auto-1-exec-3] org.hibernate.SQL                        : 
    select
        u1_0.id,
        u1_0.email,
        u1_0.password_hash 
    from
        users u1_0 
    where
        u1_0.email=?
Hibernate: 
    select
        u1_0.id,
        u1_0.email,
        u1_0.password_hash 
    from
        users u1_0 
    where
        u1_0.email=?
2025-09-07T10:36:21.415-07:00 TRACE 7872 --- [o-auto-1-exec-3] org.hibernate.orm.jdbc.bind              : binding parameter (1:VARCHAR) <- [alias@example.com]
2025-09-07T10:36:21.446-07:00 DEBUG 7872 --- [o-auto-1-exec-3] org.hibernate.SQL                        : 
    select
        aa1_0.id,
        aa1_0.active,
        aa1_0.alias,
        aa1_0.owner_id 
    from
        account_alias aa1_0 
    where
        aa1_0.owner_id=?
Hibernate: 
    select
        aa1_0.id,
        aa1_0.active,
        aa1_0.alias,
        aa1_0.owner_id 
    from
        account_alias aa1_0 
    where
        aa1_0.owner_id=?
2025-09-07T10:36:21.450-07:00 TRACE 7872 --- [o-auto-1-exec-3] org.hibernate.orm.jdbc.bind              : binding parameter (1:BIGINT) <- [1]
2025-09-07T10:36:21.594-07:00 DEBUG 7872 --- [o-auto-1-exec-4] org.hibernate.SQL                        : 
    select
        u1_0.id,
        u1_0.email,
        u1_0.password_hash 
    from
        users u1_0 
    where
        u1_0.email=?
Hibernate: 
    select
        u1_0.id,
        u1_0.email,
        u1_0.password_hash 
    from
        users u1_0 
    where
        u1_0.email=?
2025-09-07T10:36:21.595-07:00 TRACE 7872 --- [o-auto-1-exec-4] org.hibernate.orm.jdbc.bind              : binding parameter (1:VARCHAR) <- [alias@example.com]
2025-09-07T10:36:21.767-07:00 ERROR 7872 --- [o-auto-1-exec-4] o.a.c.c.C.[.[.[/].[dispatcherServlet]    : Servlet.service() for servlet [dispatcherServlet] in context with path [] threw exception [Request processing failed: java.lang.IllegalArgumentException: Name for argument of type [java.lang.Long] not specified, and parameter name information not available via reflection. Ensure that the compiler uses the '-parameters' flag.] with root cause

java.lang.IllegalArgumentException: Name for argument of type [java.lang.Long] not specified, and parameter name information not available via reflection. Ensure that the compiler uses the '-parameters' flag.
	at org.springframework.web.method.annotation.AbstractNamedValueMethodArgumentResolver.updateNamedValueInfo(AbstractNamedValueMethodArgumentResolver.java:187) ~[spring-web-6.1.11.jar:6.1.11]
	at org.springframework.web.method.annotation.AbstractNamedValueMethodArgumentResolver.getNamedValueInfo(AbstractNamedValueMethodArgumentResolver.java:162) ~[spring-web-6.1.11.jar:6.1.11]
	at org.springframework.web.method.annotation.AbstractNamedValueMethodArgumentResolver.resolveArgument(AbstractNamedValueMethodArgumentResolver.java:108) ~[spring-web-6.1.11.jar:6.1.11]
	at org.springframework.web.method.support.HandlerMethodArgumentResolverComposite.resolveArgument(HandlerMethodArgumentResolverComposite.java:122) ~[spring-web-6.1.11.jar:6.1.11]
	at org.springframework.web.method.support.InvocableHandlerMethod.getMethodArgumentValues(InvocableHandlerMethod.java:224) ~[spring-web-6.1.11.jar:6.1.11]
	at org.springframework.web.method.support.InvocableHandlerMethod.invokeForRequest(InvocableHandlerMethod.java:178) ~[spring-web-6.1.11.jar:6.1.11]
	at org.springframework.web.servlet.mvc.method.annotation.ServletInvocableHandlerMethod.invokeAndHandle(ServletInvocableHandlerMethod.java:118) ~[spring-webmvc-6.1.11.jar:6.1.11]
	at org.springframework.web.servlet.mvc.method.annotation.RequestMappingHandlerAdapter.invokeHandlerMethod(RequestMappingHandlerAdapter.java:926) ~[spring-webmvc-6.1.11.jar:6.1.11]
	at org.springframework.web.servlet.mvc.method.annotation.RequestMappingHandlerAdapter.handleInternal(RequestMappingHandlerAdapter.java:831) ~[spring-webmvc-6.1.11.jar:6.1.11]
	at org.springframework.web.servlet.mvc.method.AbstractHandlerMethodAdapter.handle(AbstractHandlerMethodAdapter.java:87) ~[spring-webmvc-6.1.11.jar:6.1.11]
	at org.springframework.web.servlet.DispatcherServlet.doDispatch(DispatcherServlet.java:1089) ~[spring-webmvc-6.1.11.jar:6.1.11]
	at org.springframework.web.servlet.DispatcherServlet.doService(DispatcherServlet.java:979) ~[spring-webmvc-6.1.11.jar:6.1.11]
	at org.springframework.web.servlet.FrameworkServlet.processRequest(FrameworkServlet.java:1014) ~[spring-webmvc-6.1.11.jar:6.1.11]
	at org.springframework.web.servlet.FrameworkServlet.doPut(FrameworkServlet.java:925) ~[spring-webmvc-6.1.11.jar:6.1.11]
	at jakarta.servlet.http.HttpServlet.service(HttpServlet.java:593) ~[tomcat-embed-core-10.1.26.jar:10.1.26]
	at org.springframework.web.servlet.FrameworkServlet.service(FrameworkServlet.java:885) ~[spring-webmvc-6.1.11.jar:6.1.11]
	at jakarta.servlet.http.HttpServlet.service(HttpServlet.java:658) ~[tomcat-embed-core-10.1.26.jar:10.1.26]
	at org.apache.catalina.core.ApplicationFilterChain.internalDoFilter(ApplicationFilterChain.java:195) ~[tomcat-embed-core-10.1.26.jar:10.1.26]
	at org.apache.catalina.core.ApplicationFilterChain.doFilter(ApplicationFilterChain.java:140) ~[tomcat-embed-core-10.1.26.jar:10.1.26]
	at org.apache.tomcat.websocket.server.WsFilter.doFilter(WsFilter.java:51) ~[tomcat-embed-websocket-10.1.26.jar:10.1.26]
	at org.apache.catalina.core.ApplicationFilterChain.internalDoFilter(ApplicationFilterChain.java:164) ~[tomcat-embed-core-10.1.26.jar:10.1.26]
	at org.apache.catalina.core.ApplicationFilterChain.doFilter(ApplicationFilterChain.java:140) ~[tomcat-embed-core-10.1.26.jar:10.1.26]
	at org.springframework.web.filter.CompositeFilter$VirtualFilterChain.doFilter(CompositeFilter.java:108) ~[spring-web-6.1.11.jar:6.1.11]
	at org.springframework.security.web.FilterChainProxy.lambda$doFilterInternal$3(FilterChainProxy.java:231) ~[spring-security-web-6.3.1.jar:6.3.1]
	at org.springframework.security.web.FilterChainProxy$VirtualFilterChain.doFilter(FilterChainProxy.java:365) ~[spring-security-web-6.3.1.jar:6.3.1]
	at org.springframework.security.web.access.intercept.AuthorizationFilter.doFilter(AuthorizationFilter.java:100) ~[spring-security-web-6.3.1.jar:6.3.1]
	at org.springframework.security.web.FilterChainProxy$VirtualFilterChain.doFilter(FilterChainProxy.java:374) ~[spring-security-web-6.3.1.jar:6.3.1]
	at org.springframework.security.web.access.ExceptionTranslationFilter.doFilter(ExceptionTranslationFilter.java:126) ~[spring-security-web-6.3.1.jar:6.3.1]
	at org.springframework.security.web.access.ExceptionTranslationFilter.doFilter(ExceptionTranslationFilter.java:120) ~[spring-security-web-6.3.1.jar:6.3.1]
	at org.springframework.security.web.FilterChainProxy$VirtualFilterChain.doFilter(FilterChainProxy.java:374) ~[spring-security-web-6.3.1.jar:6.3.1]
	at org.springframework.security.web.authentication.AnonymousAuthenticationFilter.doFilter(AnonymousAuthenticationFilter.java:100) ~[spring-security-web-6.3.1.jar:6.3.1]
	at org.springframework.security.web.FilterChainProxy$VirtualFilterChain.doFilter(FilterChainProxy.java:374) ~[spring-security-web-6.3.1.jar:6.3.1]
	at org.springframework.security.web.servletapi.SecurityContextHolderAwareRequestFilter.doFilter(SecurityContextHolderAwareRequestFilter.java:179) ~[spring-security-web-6.3.1.jar:6.3.1]
	at org.springframework.security.web.FilterChainProxy$VirtualFilterChain.doFilter(FilterChainProxy.java:374) ~[spring-security-web-6.3.1.jar:6.3.1]
	at org.springframework.security.web.savedrequest.RequestCacheAwareFilter.doFilter(RequestCacheAwareFilter.java:63) ~[spring-security-web-6.3.1.jar:6.3.1]
	at org.springframework.security.web.FilterChainProxy$VirtualFilterChain.doFilter(FilterChainProxy.java:374) ~[spring-security-web-6.3.1.jar:6.3.1]
	at org.springframework.security.web.authentication.www.BasicAuthenticationFilter.doFilterInternal(BasicAuthenticationFilter.java:213) ~[spring-security-web-6.3.1.jar:6.3.1]
	at org.springframework.web.filter.OncePerRequestFilter.doFilter(OncePerRequestFilter.java:116) ~[spring-web-6.1.11.jar:6.1.11]
	at org.springframework.security.web.FilterChainProxy$VirtualFilterChain.doFilter(FilterChainProxy.java:374) ~[spring-security-web-6.3.1.jar:6.3.1]
	at org.springframework.security.web.authentication.logout.LogoutFilter.doFilter(LogoutFilter.java:107) ~[spring-security-web-6.3.1.jar:6.3.1]
	at org.springframework.security.web.authentication.logout.LogoutFilter.doFilter(LogoutFilter.java:93) ~[spring-security-web-6.3.1.jar:6.3.1]
	at org.springframework.security.web.FilterChainProxy$VirtualFilterChain.doFilter(FilterChainProxy.java:374) ~[spring-security-web-6.3.1.jar:6.3.1]
	at org.springframework.web.filter.CorsFilter.doFilterInternal(CorsFilter.java:91) ~[spring-web-6.1.11.jar:6.1.11]
	at org.springframework.web.filter.OncePerRequestFilter.doFilter(OncePerRequestFilter.java:116) ~[spring-web-6.1.11.jar:6.1.11]
	at org.springframework.security.web.FilterChainProxy$VirtualFilterChain.doFilter(FilterChainProxy.java:374) ~[spring-security-web-6.3.1.jar:6.3.1]
	at org.springframework.security.web.header.HeaderWriterFilter.doHeadersAfter(HeaderWriterFilter.java:90) ~[spring-security-web-6.3.1.jar:6.3.1]
	at org.springframework.security.web.header.HeaderWriterFilter.doFilterInternal(HeaderWriterFilter.java:75) ~[spring-security-web-6.3.1.jar:6.3.1]
	at org.springframework.web.filter.OncePerRequestFilter.doFilter(OncePerRequestFilter.java:116) ~[spring-web-6.1.11.jar:6.1.11]
	at org.springframework.security.web.FilterChainProxy$VirtualFilterChain.doFilter(FilterChainProxy.java:374) ~[spring-security-web-6.3.1.jar:6.3.1]
	at org.springframework.security.web.context.SecurityContextHolderFilter.doFilter(SecurityContextHolderFilter.java:82) ~[spring-security-web-6.3.1.jar:6.3.1]
	at org.springframework.security.web.context.SecurityContextHolderFilter.doFilter(SecurityContextHolderFilter.java:69) ~[spring-security-web-6.3.1.jar:6.3.1]
	at org.springframework.security.web.FilterChainProxy$VirtualFilterChain.doFilter(FilterChainProxy.java:374) ~[spring-security-web-6.3.1.jar:6.3.1]
	at org.springframework.security.web.context.request.async.WebAsyncManagerIntegrationFilter.doFilterInternal(WebAsyncManagerIntegrationFilter.java:62) ~[spring-security-web-6.3.1.jar:6.3.1]
	at org.springframework.web.filter.OncePerRequestFilter.doFilter(OncePerRequestFilter.java:116) ~[spring-web-6.1.11.jar:6.1.11]
	at org.springframework.security.web.FilterChainProxy$VirtualFilterChain.doFilter(FilterChainProxy.java:374) ~[spring-security-web-6.3.1.jar:6.3.1]
	at org.springframework.security.web.session.DisableEncodeUrlFilter.doFilterInternal(DisableEncodeUrlFilter.java:42) ~[spring-security-web-6.3.1.jar:6.3.1]
	at org.springframework.web.filter.OncePerRequestFilter.doFilter(OncePerRequestFilter.java:116) ~[spring-web-6.1.11.jar:6.1.11]
	at org.springframework.security.web.FilterChainProxy$VirtualFilterChain.doFilter(FilterChainProxy.java:374) ~[spring-security-web-6.3.1.jar:6.3.1]
	at org.springframework.security.web.FilterChainProxy.doFilterInternal(FilterChainProxy.java:233) ~[spring-security-web-6.3.1.jar:6.3.1]
	at org.springframework.security.web.FilterChainProxy.doFilter(FilterChainProxy.java:191) ~[spring-security-web-6.3.1.jar:6.3.1]
	at org.springframework.web.filter.CompositeFilter$VirtualFilterChain.doFilter(CompositeFilter.java:113) ~[spring-web-6.1.11.jar:6.1.11]
	at org.springframework.web.servlet.handler.HandlerMappingIntrospector.lambda$createCacheFilter$3(HandlerMappingIntrospector.java:195) ~[spring-webmvc-6.1.11.jar:6.1.11]
	at org.springframework.web.filter.CompositeFilter$VirtualFilterChain.doFilter(CompositeFilter.java:113) ~[spring-web-6.1.11.jar:6.1.11]
	at org.springframework.web.filter.CompositeFilter.doFilter(CompositeFilter.java:74) ~[spring-web-6.1.11.jar:6.1.11]
	at org.springframework.security.config.annotation.web.configuration.WebMvcSecurityConfiguration$CompositeFilterChainProxy.doFilter(WebMvcSecurityConfiguration.java:230) ~[spring-security-config-6.3.1.jar:6.3.1]
	at org.springframework.web.filter.DelegatingFilterProxy.invokeDelegate(DelegatingFilterProxy.java:352) ~[spring-web-6.1.11.jar:6.1.11]
	at org.springframework.web.filter.DelegatingFilterProxy.doFilter(DelegatingFilterProxy.java:268) ~[spring-web-6.1.11.jar:6.1.11]
	at org.apache.catalina.core.ApplicationFilterChain.internalDoFilter(ApplicationFilterChain.java:164) ~[tomcat-embed-core-10.1.26.jar:10.1.26]
	at org.apache.catalina.core.ApplicationFilterChain.doFilter(ApplicationFilterChain.java:140) ~[tomcat-embed-core-10.1.26.jar:10.1.26]
	at org.springframework.web.filter.RequestContextFilter.doFilterInternal(RequestContextFilter.java:100) ~[spring-web-6.1.11.jar:6.1.11]
	at org.springframework.web.filter.OncePerRequestFilter.doFilter(OncePerRequestFilter.java:116) ~[spring-web-6.1.11.jar:6.1.11]
	at org.apache.catalina.core.ApplicationFilterChain.internalDoFilter(ApplicationFilterChain.java:164) ~[tomcat-embed-core-10.1.26.jar:10.1.26]
	at org.apache.catalina.core.ApplicationFilterChain.doFilter(ApplicationFilterChain.java:140) ~[tomcat-embed-core-10.1.26.jar:10.1.26]
	at org.springframework.web.filter.FormContentFilter.doFilterInternal(FormContentFilter.java:93) ~[spring-web-6.1.11.jar:6.1.11]
	at org.springframework.web.filter.OncePerRequestFilter.doFilter(OncePerRequestFilter.java:116) ~[spring-web-6.1.11.jar:6.1.11]
	at org.apache.catalina.core.ApplicationFilterChain.internalDoFilter(ApplicationFilterChain.java:164) ~[tomcat-embed-core-10.1.26.jar:10.1.26]
	at org.apache.catalina.core.ApplicationFilterChain.doFilter(ApplicationFilterChain.java:140) ~[tomcat-embed-core-10.1.26.jar:10.1.26]
	at org.springframework.web.filter.CharacterEncodingFilter.doFilterInternal(CharacterEncodingFilter.java:201) ~[spring-web-6.1.11.jar:6.1.11]
	at org.springframework.web.filter.OncePerRequestFilter.doFilter(OncePerRequestFilter.java:116) ~[spring-web-6.1.11.jar:6.1.11]
	at org.apache.catalina.core.ApplicationFilterChain.internalDoFilter(ApplicationFilterChain.java:164) ~[tomcat-embed-core-10.1.26.jar:10.1.26]
	at org.apache.catalina.core.ApplicationFilterChain.doFilter(ApplicationFilterChain.java:140) ~[tomcat-embed-core-10.1.26.jar:10.1.26]
	at org.apache.catalina.core.StandardWrapperValve.invoke(StandardWrapperValve.java:167) ~[tomcat-embed-core-10.1.26.jar:10.1.26]
	at org.apache.catalina.core.StandardContextValve.invoke(StandardContextValve.java:90) ~[tomcat-embed-core-10.1.26.jar:10.1.26]
	at org.apache.catalina.authenticator.AuthenticatorBase.invoke(AuthenticatorBase.java:483) ~[tomcat-embed-core-10.1.26.jar:10.1.26]
	at org.apache.catalina.core.StandardHostValve.invoke(StandardHostValve.java:115) ~[tomcat-embed-core-10.1.26.jar:10.1.26]
	at org.apache.catalina.valves.ErrorReportValve.invoke(ErrorReportValve.java:93) ~[tomcat-embed-core-10.1.26.jar:10.1.26]
	at org.apache.catalina.core.StandardEngineValve.invoke(StandardEngineValve.java:74) ~[tomcat-embed-core-10.1.26.jar:10.1.26]
	at org.apache.catalina.connector.CoyoteAdapter.service(CoyoteAdapter.java:344) ~[tomcat-embed-core-10.1.26.jar:10.1.26]
	at org.apache.coyote.http11.Http11Processor.service(Http11Processor.java:389) ~[tomcat-embed-core-10.1.26.jar:10.1.26]
	at org.apache.coyote.AbstractProcessorLight.process(AbstractProcessorLight.java:63) ~[tomcat-embed-core-10.1.26.jar:10.1.26]
	at org.apache.coyote.AbstractProtocol$ConnectionHandler.process(AbstractProtocol.java:904) ~[tomcat-embed-core-10.1.26.jar:10.1.26]
	at org.apache.tomcat.util.net.NioEndpoint$SocketProcessor.doRun(NioEndpoint.java:1741) ~[tomcat-embed-core-10.1.26.jar:10.1.26]
	at org.apache.tomcat.util.net.SocketProcessorBase.run(SocketProcessorBase.java:52) ~[tomcat-embed-core-10.1.26.jar:10.1.26]
	at org.apache.tomcat.util.threads.ThreadPoolExecutor.runWorker(ThreadPoolExecutor.java:1190) ~[tomcat-embed-core-10.1.26.jar:10.1.26]
	at org.apache.tomcat.util.threads.ThreadPoolExecutor$Worker.run(ThreadPoolExecutor.java:659) ~[tomcat-embed-core-10.1.26.jar:10.1.26]
	at org.apache.tomcat.util.threads.TaskThread$WrappingRunnable.run(TaskThread.java:63) ~[tomcat-embed-core-10.1.26.jar:10.1.26]
	at java.base/java.lang.Thread.run(Thread.java:1447) ~[na:na]

]]></system-out>
    <system-err><![CDATA[WARNING: A Java agent has been loaded dynamically (C:\Users\nikita\.m2\repository\net\bytebuddy\byte-buddy-agent\1.14.18\byte-buddy-agent-1.14.18.jar)
WARNING: If a serviceability tool is in use, please run with -XX:+EnableDynamicAgentLoading to hide this warning
WARNING: If a serviceability tool is not in use, please run with -Djdk.instrument.traceUsage for more information
WARNING: Dynamic loading of agents will be disallowed by default in a future release
]]></system-err>
  </testcase>
</testsuite>