<?xml version="1.0" encoding="UTF-8"?>
<testsuite xmlns:xsi="http://www.w3.org/2001/XMLSchema-instance" xsi:noNamespaceSchemaLocation="https://maven.apache.org/surefire/maven-surefire-plugin/xsd/surefire-test-report-3.0.xsd" version="3.0" name="com.example.accountalias.web.AuthControllerTest" time="2.539" tests="2" errors="0" skipped="0" failures="0">
  <properties>
[...]
</properties>
  <testcase name="login_positive_and_negative" classname="com.example.accountalias.web.AuthControllerTest" time="2.254">
    <system-out><![CDATA[2025-09-07T10:36:23.032-07:00  INFO 7872 --- [           main] t.c.s.AnnotationConfigContextLoaderUtils : Could not detect default configuration classes for test class [com.example.accountalias.web.AuthControllerTest]: AuthControllerTest does not declare any static, non-private, non-final, nested classes annotated with @Configuration.
2025-09-07T10:36:23.038-07:00  INFO 7872 --- [           main] .b.t.c.SpringBootTestContextBootstrapper : Found @SpringBootConfiguration com.example.accountalias.web.AccountAliasApplication for test class com.example.accountalias.web.AuthControllerTest
2025-09-07T10:36:23.096-07:00 DEBUG 7872 --- [o-auto-1-exec-5] org.hibernate.SQL                        : 
    select
        u1_0.id,
        u1_0.email,
        u1_0.password_hash 
    from
        users u1_0 
    where
        u1_0.email=?
Hibernate: 
    select
        u1_0.id,
        u1_0.email,
        u1_0.password_hash 
    from
        users u1_0 
    where
        u1_0.email=?
2025-09-07T10:36:23.097-07:00 TRACE 7872 --- [o-auto-1-exec-5] org.hibernate.orm.jdbc.bind              : binding parameter (1:VARCHAR) <- [login2@example.com]
2025-09-07T10:36:23.291-07:00 DEBUG 7872 --- [o-auto-1-exec-5] org.hibernate.SQL                        : 
    insert 
    into
        users
        (email, password_hash, id) 
    values
        (?, ?, default)
Hibernate: 
    insert 
    into
        users
        (email, password_hash, id) 
    values
        (?, ?, default)
2025-09-07T10:36:23.292-07:00 TRACE 7872 --- [o-auto-1-exec-5] org.hibernate.orm.jdbc.bind              : binding parameter (1:VARCHAR) <- [login2@example.com]
2025-09-07T10:36:23.293-07:00 TRACE 7872 --- [o-auto-1-exec-5] org.hibernate.orm.jdbc.bind              : binding parameter (2:VARCHAR) <- [$2a$10$vxsLiC8KocSdNLosvpuDsOXrJJm9y4YGVmXAaaYoZqAeH./UAl3ju]
2025-09-07T10:36:23.319-07:00 DEBUG 7872 --- [o-auto-1-exec-6] org.hibernate.SQL                        : 
    select
        u1_0.id,
        u1_0.email,
        u1_0.password_hash 
    from
        users u1_0 
    where
        u1_0.email=?
Hibernate: 
    select
        u1_0.id,
        u1_0.email,
        u1_0.password_hash 
    from
        users u1_0 
    where
        u1_0.email=?
2025-09-07T10:36:23.320-07:00 TRACE 7872 --- [o-auto-1-exec-6] org.hibernate.orm.jdbc.bind              : binding parameter (1:VARCHAR) <- [login2@example.com]
2025-09-07T10:36:23.484-07:00 DEBUG 7872 --- [o-auto-1-exec-6] org.hibernate.SQL                        : 
    select
        u1_0.id,
        u1_0.email,
        u1_0.password_hash 
    from
        users u1_0 
    where
        u1_0.email=?
Hibernate: 
    select
        u1_0.id,
        u1_0.email,
        u1_0.password_hash 
    from
        users u1_0 
    where
        u1_0.email=?
2025-09-07T10:36:23.485-07:00 TRACE 7872 --- [o-auto-1-exec-6] org.hibernate.orm.jdbc.bind              : binding parameter (1:VARCHAR) <- [login2@example.com]
2025-09-07T10:36:23.525-07:00 DEBUG 7872 --- [o-auto-1-exec-7] org.hibernate.SQL                        : 
    select
        u1_0.id,
        u1_0.email,
        u1_0.password_hash 
    from
        users u1_0 
    where
        u1_0.email=?
Hibernate: 
    select
        u1_0.id,
        u1_0.email,
        u1_0.password_hash 
    from
        users u1_0 
    where
        u1_0.email=?
2025-09-07T10:36:23.527-07:00 TRACE 7872 --- [o-auto-1-exec-7] org.hibernate.orm.jdbc.bind              : binding parameter (1:VARCHAR) <- [login2@example.com]
]]></system-out>
  </testcase>
  <testcase name="register_then_conflict_on_duplicate" classname="com.example.accountalias.web.AuthControllerTest" time="0.246">
    <system-out><![CDATA[2025-09-07T10:36:25.341-07:00 DEBUG 7872 --- [o-auto-1-exec-8] org.hibernate.SQL                        : 
    select
        u1_0.id,
        u1_0.email,
        u1_0.password_hash 
    from
        users u1_0 
    where
        u1_0.email=?
Hibernate: 
    select
        u1_0.id,
        u1_0.email,
        u1_0.password_hash 
    from
        users u1_0 
    where
        u1_0.email=?
2025-09-07T10:36:25.342-07:00 TRACE 7872 --- [o-auto-1-exec-8] org.hibernate.orm.jdbc.bind              : binding parameter (1:VARCHAR) <- [test@example.com]
2025-09-07T10:36:25.506-07:00 DEBUG 7872 --- [o-auto-1-exec-8] org.hibernate.SQL                        : 
    insert 
    into
        users
        (email, password_hash, id) 
    values
        (?, ?, default)
Hibernate: 
    insert 
    into
        users
        (email, password_hash, id) 
    values
        (?, ?, default)
2025-09-07T10:36:25.507-07:00 TRACE 7872 --- [o-auto-1-exec-8] org.hibernate.orm.jdbc.bind              : binding parameter (1:VARCHAR) <- [test@example.com]
2025-09-07T10:36:25.507-07:00 TRACE 7872 --- [o-auto-1-exec-8] org.hibernate.orm.jdbc.bind              : binding parameter (2:VARCHAR) <- [$2a$10$mg/6/10TuuHBS9/zUzU58uzMB/5l27.MuCK2gtbY3vInf8epEIMf2]
2025-09-07T10:36:25.536-07:00 DEBUG 7872 --- [o-auto-1-exec-9] org.hibernate.SQL                        : 
    select
        u1_0.id,
        u1_0.email,
        u1_0.password_hash 
    from
        users u1_0 
    where
        u1_0.email=?
Hibernate: 
    select
        u1_0.id,
        u1_0.email,
        u1_0.password_hash 
    from
        users u1_0 
    where
        u1_0.email=?
2025-09-07T10:36:25.537-07:00 TRACE 7872 --- [o-auto-1-exec-9] org.hibernate.orm.jdbc.bind              : binding parameter (1:VARCHAR) <- [test@example.com]
]]></system-out>
  </testcase>
</testsuite>