<?xml version="1.0" encoding="UTF-8"?>
<testsuite xmlns:xsi="http://www.w3.org/2001/XMLSchema-instance" xsi:noNamespaceSchemaLocation="https://maven.apache.org/surefire/maven-surefire-plugin/xsd/surefire-test-report-3.0.xsd" version="3.0" name="com.example.accountalias.web.UserControllerTest" time="6.185" tests="1" errors="0" skipped="0" failures="0">
  <properties>
[...]
</properties>
  <testcase name="me_requires_auth_and_returns_profile" classname="com.example.accountalias.web.UserControllerTest" time="1.187">
    <system-out><![CDATA[18:31:30.511 [main] INFO org.springframework.test.context.support.AnnotationConfigContextLoaderUtils -- Could not detect default configuration classes for test class [com.example.accountalias.web.UserControllerTest]: UserControllerTest does not declare any static, non-private, non-final, nested classes annotated with @Configuration.
18:31:30.626 [main] INFO org.springframework.boot.test.context.SpringBootTestContextBootstrapper -- Found @SpringBootConfiguration com.example.accountalias.web.AccountAliasApplication for test class com.example.accountalias.web.UserControllerTest

  .   ____          _            __ _ _
 /\\ / ___'_ __ _ _(_)_ __  __ _ \ \ \ \
( ( )\___ | '_ | '_| | '_ \/ _` | \ \ \ \
 \\/  ___)| |_)| | | | | || (_| |  ) ) ) )
  '  |____| .__|_| |_|_| |_\__, | / / / /
 =========|_|==============|___/=/_/_/_/

 :: Spring Boot ::                (v3.3.2)

2025-09-08T18:31:31.108Z  INFO 3637 --- [           main] c.e.accountalias.web.UserControllerTest  : Starting UserControllerTest using Java 21.0.7 with PID 3637 (started by ubuntu in /workspace/cursor_ai_demo_account_alias/app-web)
2025-09-08T18:31:31.109Z  INFO 3637 --- [           main] c.e.accountalias.web.UserControllerTest  : No active profile set, falling back to 1 default profile: "default"
2025-09-08T18:31:31.771Z  INFO 3637 --- [           main] .s.d.r.c.RepositoryConfigurationDelegate : Bootstrapping Spring Data JPA repositories in DEFAULT mode.
2025-09-08T18:31:31.803Z  INFO 3637 --- [           main] .s.d.r.c.RepositoryConfigurationDelegate : Finished Spring Data repository scanning in 25 ms. Found 2 JPA repository interfaces.
2025-09-08T18:31:32.465Z  INFO 3637 --- [           main] o.s.b.w.embedded.tomcat.TomcatWebServer  : Tomcat initialized with port 0 (http)
2025-09-08T18:31:32.488Z  INFO 3637 --- [           main] o.apache.catalina.core.StandardService   : Starting service [Tomcat]
2025-09-08T18:31:32.488Z  INFO 3637 --- [           main] o.apache.catalina.core.StandardEngine    : Starting Servlet engine: [Apache Tomcat/10.1.26]
2025-09-08T18:31:32.539Z  INFO 3637 --- [           main] o.a.c.c.C.[Tomcat].[localhost].[/]       : Initializing Spring embedded WebApplicationContext
2025-09-08T18:31:32.540Z  INFO 3637 --- [           main] w.s.c.ServletWebServerApplicationContext : Root WebApplicationContext: initialization completed in 1404 ms
2025-09-08T18:31:32.570Z  INFO 3637 --- [           main] com.zaxxer.hikari.HikariDataSource       : HikariPool-1 - Starting...
2025-09-08T18:31:32.831Z  INFO 3637 --- [           main] com.zaxxer.hikari.pool.HikariPool        : HikariPool-1 - Added connection conn0: url=jdbc:h2:mem:aliasdb user=SA
2025-09-08T18:31:32.833Z  INFO 3637 --- [           main] com.zaxxer.hikari.HikariDataSource       : HikariPool-1 - Start completed.
2025-09-08T18:31:32.846Z  INFO 3637 --- [           main] o.s.b.a.h2.H2ConsoleAutoConfiguration    : H2 console available at '/h2-console'. Database available at 'jdbc:h2:mem:aliasdb'
2025-09-08T18:31:32.983Z  INFO 3637 --- [           main] o.hibernate.jpa.internal.util.LogHelper  : HHH000204: Processing PersistenceUnitInfo [name: default]
2025-09-08T18:31:33.032Z  INFO 3637 --- [           main] org.hibernate.Version                    : HHH000412: Hibernate ORM core version 6.5.2.Final
2025-09-08T18:31:33.065Z  INFO 3637 --- [           main] o.h.c.internal.RegionFactoryInitiator    : HHH000026: Second-level cache disabled
2025-09-08T18:31:33.315Z  INFO 3637 --- [           main] o.s.o.j.p.SpringPersistenceUnitInfo      : No LoadTimeWeaver setup: ignoring JPA class transformer
2025-09-08T18:31:34.300Z  INFO 3637 --- [           main] o.h.e.t.j.p.i.JtaPlatformInitiator       : HHH000489: No JTA platform available (set 'hibernate.transaction.jta.platform' to enable JTA platform integration)
2025-09-08T18:31:34.369Z DEBUG 3637 --- [           main] org.hibernate.SQL                        : 
    create table account_alias (
        id bigint generated by default as identity,
        active boolean not null,
        alias varchar(64) not null,
        owner_id bigint not null,
        primary key (id)
    )
Hibernate: 
    create table account_alias (
        id bigint generated by default as identity,
        active boolean not null,
        alias varchar(64) not null,
        owner_id bigint not null,
        primary key (id)
    )
2025-09-08T18:31:34.381Z DEBUG 3637 --- [           main] org.hibernate.SQL                        : 
    create table users (
        id bigint generated by default as identity,
        email varchar(255) not null,
        password_hash varchar(100) not null,
        primary key (id)
    )
Hibernate: 
    create table users (
        id bigint generated by default as identity,
        email varchar(255) not null,
        password_hash varchar(100) not null,
        primary key (id)
    )
2025-09-08T18:31:34.383Z DEBUG 3637 --- [           main] org.hibernate.SQL                        : 
    alter table if exists account_alias 
       drop constraint if exists uk_account_alias_alias
Hibernate: 
    alter table if exists account_alias 
       drop constraint if exists uk_account_alias_alias
2025-09-08T18:31:34.383Z DEBUG 3637 --- [           main] org.hibernate.SQL                        : 
    alter table if exists account_alias 
       add constraint uk_account_alias_alias unique (alias)
Hibernate: 
    alter table if exists account_alias 
       add constraint uk_account_alias_alias unique (alias)
2025-09-08T18:31:34.385Z DEBUG 3637 --- [           main] org.hibernate.SQL                        : 
    alter table if exists users 
       drop constraint if exists uk_users_email
Hibernate: 
    alter table if exists users 
       drop constraint if exists uk_users_email
2025-09-08T18:31:34.385Z DEBUG 3637 --- [           main] org.hibernate.SQL                        : 
    alter table if exists users 
       add constraint uk_users_email unique (email)
Hibernate: 
    alter table if exists users 
       add constraint uk_users_email unique (email)
2025-09-08T18:31:34.386Z DEBUG 3637 --- [           main] org.hibernate.SQL                        : 
    alter table if exists account_alias 
       add constraint fk_alias_owner 
       foreign key (owner_id) 
       references users
Hibernate: 
    alter table if exists account_alias 
       add constraint fk_alias_owner 
       foreign key (owner_id) 
       references users
2025-09-08T18:31:34.393Z  INFO 3637 --- [           main] j.LocalContainerEntityManagerFactoryBean : Initialized JPA EntityManagerFactory for persistence unit 'default'
2025-09-08T18:31:34.704Z  INFO 3637 --- [           main] r$InitializeUserDetailsManagerConfigurer : Global AuthenticationManager configured with UserDetailsService bean with name userDetailsService
2025-09-08T18:31:34.786Z  WARN 3637 --- [           main] JpaBaseConfiguration$JpaWebConfiguration : spring.jpa.open-in-view is enabled by default. Therefore, database queries may be performed during view rendering. Explicitly configure spring.jpa.open-in-view to disable this warning
2025-09-08T18:31:35.326Z  INFO 3637 --- [           main] o.s.b.w.embedded.tomcat.TomcatWebServer  : Tomcat started on port 38155 (http) with context path '/'
2025-09-08T18:31:35.335Z  INFO 3637 --- [           main] c.e.accountalias.web.UserControllerTest  : Started UserControllerTest in 4.542 seconds (process running for 5.564)
2025-09-08T18:31:35.863Z  INFO 3637 --- [o-auto-1-exec-1] o.a.c.c.C.[Tomcat].[localhost].[/]       : Initializing Spring DispatcherServlet 'dispatcherServlet'
2025-09-08T18:31:35.863Z  INFO 3637 --- [o-auto-1-exec-1] o.s.web.servlet.DispatcherServlet        : Initializing Servlet 'dispatcherServlet'
2025-09-08T18:31:35.864Z  INFO 3637 --- [o-auto-1-exec-1] o.s.web.servlet.DispatcherServlet        : Completed initialization in 1 ms
2025-09-08T18:31:36.213Z DEBUG 3637 --- [o-auto-1-exec-3] org.hibernate.SQL                        : 
    select
        u1_0.id,
        u1_0.email,
        u1_0.password_hash 
    from
        users u1_0 
    where
        u1_0.email=?
Hibernate: 
    select
        u1_0.id,
        u1_0.email,
        u1_0.password_hash 
    from
        users u1_0 
    where
        u1_0.email=?
2025-09-08T18:31:36.214Z TRACE 3637 --- [o-auto-1-exec-3] org.hibernate.orm.jdbc.bind              : binding parameter (1:VARCHAR) <- [me@example.com]
2025-09-08T18:31:36.313Z DEBUG 3637 --- [o-auto-1-exec-3] org.hibernate.SQL                        : 
    insert 
    into
        users
        (email, password_hash, id) 
    values
        (?, ?, default)
Hibernate: 
    insert 
    into
        users
        (email, password_hash, id) 
    values
        (?, ?, default)
2025-09-08T18:31:36.315Z TRACE 3637 --- [o-auto-1-exec-3] org.hibernate.orm.jdbc.bind              : binding parameter (1:VARCHAR) <- [me@example.com]
2025-09-08T18:31:36.315Z TRACE 3637 --- [o-auto-1-exec-3] org.hibernate.orm.jdbc.bind              : binding parameter (2:VARCHAR) <- [$2a$10$bKPLiehzd2x7VZJbsIWQKu/25A.VbM0FJDyFTBUtKNRa4P1f4bz1S]
2025-09-08T18:31:36.429Z DEBUG 3637 --- [o-auto-1-exec-2] org.hibernate.SQL                        : 
    select
        u1_0.id,
        u1_0.email,
        u1_0.password_hash 
    from
        users u1_0 
    where
        u1_0.email=?
Hibernate: 
    select
        u1_0.id,
        u1_0.email,
        u1_0.password_hash 
    from
        users u1_0 
    where
        u1_0.email=?
2025-09-08T18:31:36.430Z TRACE 3637 --- [o-auto-1-exec-2] org.hibernate.orm.jdbc.bind              : binding parameter (1:VARCHAR) <- [me@example.com]
2025-09-08T18:31:36.498Z DEBUG 3637 --- [o-auto-1-exec-2] org.hibernate.SQL                        : 
    select
        u1_0.id,
        u1_0.email,
        u1_0.password_hash 
    from
        users u1_0 
    where
        u1_0.email=?
Hibernate: 
    select
        u1_0.id,
        u1_0.email,
        u1_0.password_hash 
    from
        users u1_0 
    where
        u1_0.email=?
2025-09-08T18:31:36.498Z TRACE 3637 --- [o-auto-1-exec-2] org.hibernate.orm.jdbc.bind              : binding parameter (1:VARCHAR) <- [me@example.com]
]]></system-out>
    <system-err><![CDATA[WARNING: A Java agent has been loaded dynamically (/home/ubuntu/.m2/repository/net/bytebuddy/byte-buddy-agent/1.14.18/byte-buddy-agent-1.14.18.jar)
WARNING: If a serviceability tool is in use, please run with -XX:+EnableDynamicAgentLoading to hide this warning
WARNING: If a serviceability tool is not in use, please run with -Djdk.instrument.traceUsage for more information
WARNING: Dynamic loading of agents will be disallowed by default in a future release
]]></system-err>
  </testcase>
</testsuite>